android/app/build/intermediates/manifest_merge_blame_file/release/manifest-merger-blame-release-report.txt
1<?xml version="1.0" encoding="utf-8"?>
2<manifest xmlns:android="http://schemas.android.com/apk/res/android"
3    package="com.example.fire_guard"
4    android:versionCode="1"
5    android:versionName="1.0.0" >
6
7    <uses-sdk
8        android:minSdkVersion="23"
8-->src\main\AndroidManifest.xml
9        android:targetSdkVersion="34" />
9-->src\main\AndroidManifest.xml
10
11    <!-- Các quyền cần thiết -->
12    <uses-feature
12-->src\main\AndroidManifest.xml:6:5-8:36
13        android:name="android.hardware.telephony"
13-->src\main\AndroidManifest.xml:7:9-50
14        android:required="false" />
14-->src\main\AndroidManifest.xml:8:9-33
15
16    <uses-permission android:name="android.permission.RECEIVE_BOOT_COMPLETED" />
16-->src\main\AndroidManifest.xml:10:5-80
16-->src\main\AndroidManifest.xml:10:22-78
17    <uses-permission android:name="android.permission.VIBRATE" />
17-->src\main\AndroidManifest.xml:11:5-65
17-->src\main\AndroidManifest.xml:11:22-63
18    <uses-permission android:name="android.permission.FOREGROUND_SERVICE" />
18-->src\main\AndroidManifest.xml:12:5-76
18-->src\main\AndroidManifest.xml:12:22-74
19    <uses-permission android:name="android.permission.INTERNET" />
19-->src\main\AndroidManifest.xml:13:5-66
19-->src\main\AndroidManifest.xml:13:22-64
20    <uses-permission android:name="android.permission.CALL_PHONE" />
20-->src\main\AndroidManifest.xml:14:5-68
20-->src\main\AndroidManifest.xml:14:22-66
21    <uses-permission android:name="android.permission.ACCESS_FINE_LOCATION" />
21-->src\main\AndroidManifest.xml:15:5-79
21-->src\main\AndroidManifest.xml:15:22-76
22    <uses-permission android:name="android.permission.ACCESS_COARSE_LOCATION" />
22-->src\main\AndroidManifest.xml:16:5-81
22-->src\main\AndroidManifest.xml:16:22-78
23    <uses-permission android:name="android.permission.INTERNET" />
23-->src\main\AndroidManifest.xml:13:5-66
23-->src\main\AndroidManifest.xml:13:22-64
24    <uses-permission android:name="android.permission.WAKE_LOCK" />
24-->[:firebase_messaging] AndroidManifest.xml:10:5-68
24-->[:firebase_messaging] AndroidManifest.xml:10:22-65
25    <uses-permission android:name="android.permission.ACCESS_NETWORK_STATE" /> <!-- Permissions options for the `notification` group -->
25-->[:firebase_messaging] AndroidManifest.xml:11:5-79
25-->[:firebase_messaging] AndroidManifest.xml:11:22-76
26    <uses-permission android:name="android.permission.POST_NOTIFICATIONS" /> <!-- Required by older versions of Google Play services to create IID tokens -->
26-->[:firebase_messaging] AndroidManifest.xml:13:5-77
26-->[:firebase_messaging] AndroidManifest.xml:13:22-74
27    <uses-permission android:name="com.google.android.c2dm.permission.RECEIVE" />
27-->[com.google.firebase:firebase-messaging:24.0.3] AndroidManifest.xml:26:5-82
27-->[com.google.firebase:firebase-messaging:24.0.3] AndroidManifest.xml:26:22-79
28    <uses-permission android:name="com.google.android.providers.gsf.permission.READ_GSERVICES" />
28-->[com.google.android.recaptcha:recaptcha:18.5.1] AndroidManifest.xml:9:5-98
28-->[com.google.android.recaptcha:recaptcha:18.5.1] AndroidManifest.xml:9:22-95
29
30    <permission
30-->[androidx.core:core:1.13.1] AndroidManifest.xml:22:5-24:47
31        android:name="com.example.fire_guard.DYNAMIC_RECEIVER_NOT_EXPORTED_PERMISSION"
31-->[androidx.core:core:1.13.1] AndroidManifest.xml:23:9-81
32        android:protectionLevel="signature" />
32-->[androidx.core:core:1.13.1] AndroidManifest.xml:24:9-44
33
34    <uses-permission android:name="com.example.fire_guard.DYNAMIC_RECEIVER_NOT_EXPORTED_PERMISSION" />
34-->[androidx.core:core:1.13.1] AndroidManifest.xml:26:5-97
34-->[androidx.core:core:1.13.1] AndroidManifest.xml:26:22-94
35
36    <application
37        android:name="android.app.Application"
37-->src\main\AndroidManifest.xml:22:9-42
38        android:appComponentFactory="androidx.core.app.CoreComponentFactory"
38-->[androidx.core:core:1.13.1] AndroidManifest.xml:28:18-86
39        android:extractNativeLibs="false"
40        android:icon="@mipmap/ic_launcher"
40-->src\main\AndroidManifest.xml:23:9-43
41        android:label="fire_guard" >
41-->src\main\AndroidManifest.xml:21:9-35
42
43        <!-- Cấu hình Activity chính -->
44        <activity
44-->src\main\AndroidManifest.xml:26:9-52:20
45            android:name="com.example.fire_guard.MainActivity"
45-->src\main\AndroidManifest.xml:27:13-41
46            android:configChanges="orientation|keyboardHidden|keyboard|screenSize|smallestScreenSize|locale|layoutDirection|fontScale|screenLayout|density|uiMode"
46-->src\main\AndroidManifest.xml:31:13-163
47            android:exported="true"
47-->src\main\AndroidManifest.xml:28:13-36
48            android:hardwareAccelerated="true"
48-->src\main\AndroidManifest.xml:32:13-47
49            android:launchMode="singleTop"
49-->src\main\AndroidManifest.xml:29:13-43
50            android:theme="@style/LaunchTheme"
50-->src\main\AndroidManifest.xml:30:13-47
51            android:windowSoftInputMode="adjustResize" >
51-->src\main\AndroidManifest.xml:33:13-55
52            <meta-data
52-->src\main\AndroidManifest.xml:35:13-37:57
53                android:name="io.flutter.embedding.android.NormalTheme"
53-->src\main\AndroidManifest.xml:36:17-72
54                android:resource="@style/NormalTheme" />
54-->src\main\AndroidManifest.xml:37:17-54
55
56            <intent-filter>
56-->src\main\AndroidManifest.xml:39:13-42:29
57                <action android:name="android.intent.action.MAIN" />
57-->src\main\AndroidManifest.xml:40:17-69
57-->src\main\AndroidManifest.xml:40:25-66
58
59                <category android:name="android.intent.category.LAUNCHER" />
59-->src\main\AndroidManifest.xml:41:17-77
59-->src\main\AndroidManifest.xml:41:27-74
60            </intent-filter>
61
62            <!-- Intent-filter để mở URL -->
63            <intent-filter>
63-->src\main\AndroidManifest.xml:45:13-51:29
64                <action android:name="android.intent.action.VIEW" />
64-->src\main\AndroidManifest.xml:46:17-69
64-->src\main\AndroidManifest.xml:46:25-66
65
66                <category android:name="android.intent.category.DEFAULT" />
66-->src\main\AndroidManifest.xml:47:17-76
66-->src\main\AndroidManifest.xml:47:27-73
67                <category android:name="android.intent.category.BROWSABLE" />
67-->src\main\AndroidManifest.xml:48:17-78
67-->src\main\AndroidManifest.xml:48:27-75
68
69                <data android:scheme="http" />
69-->src\main\AndroidManifest.xml:49:17-47
69-->src\main\AndroidManifest.xml:49:23-44
70                <data android:scheme="https" />
70-->src\main\AndroidManifest.xml:49:17-47
70-->src\main\AndroidManifest.xml:49:23-44
71            </intent-filter>
72        </activity>
73
74        <!-- Firebase Messaging Service -->
75        <service
75-->src\main\AndroidManifest.xml:55:9-62:19
76            android:name="com.google.firebase.messaging.FirebaseMessagingService"
76-->src\main\AndroidManifest.xml:56:13-82
77            android:directBootAware="true"
77-->[com.google.firebase:firebase-messaging:24.0.3] AndroidManifest.xml:48:13-43
78            android:exported="true" >
78-->src\main\AndroidManifest.xml:57:13-36
79            <intent-filter>
79-->src\main\AndroidManifest.xml:59:13-61:29
80                <action android:name="com.google.firebase.MESSAGING_EVENT" />
80-->src\main\AndroidManifest.xml:60:17-77
80-->src\main\AndroidManifest.xml:60:25-75
81            </intent-filter>
82            <intent-filter android:priority="-500" >
82-->src\main\AndroidManifest.xml:59:13-61:29
83                <action android:name="com.google.firebase.MESSAGING_EVENT" />
83-->src\main\AndroidManifest.xml:60:17-77
83-->src\main\AndroidManifest.xml:60:25-75
84            </intent-filter>
85        </service>
86
87        <!-- Firebase Instance ID Receiver -->
88        <receiver
88-->src\main\AndroidManifest.xml:65:9-73:20
89            android:name="com.google.firebase.iid.FirebaseInstanceIdReceiver"
89-->src\main\AndroidManifest.xml:66:13-78
90            android:exported="true"
90-->src\main\AndroidManifest.xml:67:13-36
91            android:permission="com.google.android.c2dm.permission.SEND" >
91-->src\main\AndroidManifest.xml:68:13-73
92            <intent-filter>
92-->src\main\AndroidManifest.xml:69:13-72:29
93                <action android:name="com.google.android.c2dm.intent.RECEIVE" />
93-->src\main\AndroidManifest.xml:70:17-81
93-->src\main\AndroidManifest.xml:70:25-78
94
95                <category android:name="com.example.fire_guard" />
95-->src\main\AndroidManifest.xml:71:27-58
96            </intent-filter>
97            <intent-filter>
97-->[:firebase_messaging] AndroidManifest.xml:32:13-34:29
98                <action android:name="com.google.android.c2dm.intent.RECEIVE" />
98-->src\main\AndroidManifest.xml:70:17-81
98-->src\main\AndroidManifest.xml:70:25-78
99            </intent-filter>
100
101            <meta-data
101-->[com.google.firebase:firebase-messaging:24.0.3] AndroidManifest.xml:37:13-39:40
102                android:name="com.google.android.gms.cloudmessaging.FINISHED_AFTER_HANDLED"
102-->[com.google.firebase:firebase-messaging:24.0.3] AndroidManifest.xml:38:17-92
103                android:value="true" />
103-->[com.google.firebase:firebase-messaging:24.0.3] AndroidManifest.xml:39:17-37
104        </receiver>
105
106        <!-- Thông báo Firebase -->
107        <meta-data
107-->src\main\AndroidManifest.xml:76:9-78:50
108            android:name="com.google.firebase.messaging.default_notification_channel_id"
108-->src\main\AndroidManifest.xml:77:13-89
109            android:value="fire_alarm_channel" />
109-->src\main\AndroidManifest.xml:78:13-47
110        <meta-data
110-->src\main\AndroidManifest.xml:80:9-82:33
111            android:name="flutterEmbedding"
111-->src\main\AndroidManifest.xml:81:13-44
112            android:value="2" />
112-->src\main\AndroidManifest.xml:82:13-30
113
114        <service
114-->[:cloud_firestore] AndroidManifest.xml:10:9-14:19
115            android:name="com.google.firebase.components.ComponentDiscoveryService"
115-->[:cloud_firestore] AndroidManifest.xml:10:18-89
116            android:directBootAware="true"
116-->[com.google.firebase:firebase-common:21.0.0] AndroidManifest.xml:32:13-43
117            android:exported="false" >
117-->[com.google.firebase:firebase-firestore:25.1.1] AndroidManifest.xml:16:13-37
118            <meta-data
118-->[:cloud_firestore] AndroidManifest.xml:11:13-13:85
119                android:name="com.google.firebase.components:io.flutter.plugins.firebase.firestore.FlutterFirebaseFirestoreRegistrar"
119-->[:cloud_firestore] AndroidManifest.xml:12:17-134
120                android:value="com.google.firebase.components.ComponentRegistrar" />
120-->[:cloud_firestore] AndroidManifest.xml:13:17-82
121            <meta-data
121-->[:firebase_app_check] AndroidManifest.xml:11:13-13:85
122                android:name="com.google.firebase.components:io.flutter.plugins.firebase.appcheck.FlutterFirebaseAppRegistrar"
122-->[:firebase_app_check] AndroidManifest.xml:12:17-127
123                android:value="com.google.firebase.components.ComponentRegistrar" />
123-->[:firebase_app_check] AndroidManifest.xml:13:17-82
124            <meta-data
124-->[:firebase_auth] AndroidManifest.xml:11:13-13:85
125                android:name="com.google.firebase.components:io.flutter.plugins.firebase.auth.FlutterFirebaseAuthRegistrar"
125-->[:firebase_auth] AndroidManifest.xml:12:17-124
126                android:value="com.google.firebase.components.ComponentRegistrar" />
126-->[:firebase_auth] AndroidManifest.xml:13:17-82
127            <meta-data
127-->[:firebase_messaging] AndroidManifest.xml:38:13-40:85
128                android:name="com.google.firebase.components:io.flutter.plugins.firebase.messaging.FlutterFirebaseAppRegistrar"
128-->[:firebase_messaging] AndroidManifest.xml:39:17-128
129                android:value="com.google.firebase.components.ComponentRegistrar" />
129-->[:firebase_messaging] AndroidManifest.xml:40:17-82
130            <meta-data
130-->[:firebase_remote_config] AndroidManifest.xml:11:13-13:85
131                android:name="com.google.firebase.components:io.flutter.plugins.firebase.firebaseremoteconfig.FlutterFirebaseAppRegistrar"
131-->[:firebase_remote_config] AndroidManifest.xml:12:17-139
132                android:value="com.google.firebase.components.ComponentRegistrar" />
132-->[:firebase_remote_config] AndroidManifest.xml:13:17-82
133            <meta-data
133-->[:firebase_storage] AndroidManifest.xml:11:13-13:85
134                android:name="com.google.firebase.components:io.flutter.plugins.firebase.storage.FlutterFirebaseAppRegistrar"
134-->[:firebase_storage] AndroidManifest.xml:12:17-126
135                android:value="com.google.firebase.components.ComponentRegistrar" />
135-->[:firebase_storage] AndroidManifest.xml:13:17-82
136            <meta-data
136-->[:firebase_core] AndroidManifest.xml:11:13-13:85
137                android:name="com.google.firebase.components:io.flutter.plugins.firebase.core.FlutterFirebaseCoreRegistrar"
137-->[:firebase_core] AndroidManifest.xml:12:17-124
138                android:value="com.google.firebase.components.ComponentRegistrar" />
138-->[:firebase_core] AndroidManifest.xml:13:17-82
139            <meta-data
139-->[com.google.firebase:firebase-firestore:25.1.1] AndroidManifest.xml:17:13-19:85
140                android:name="com.google.firebase.components:com.google.firebase.firestore.FirebaseFirestoreKtxRegistrar"
140-->[com.google.firebase:firebase-firestore:25.1.1] AndroidManifest.xml:18:17-122
141                android:value="com.google.firebase.components.ComponentRegistrar" />
141-->[com.google.firebase:firebase-firestore:25.1.1] AndroidManifest.xml:19:17-82
142            <meta-data
142-->[com.google.firebase:firebase-firestore:25.1.1] AndroidManifest.xml:20:13-22:85
143                android:name="com.google.firebase.components:com.google.firebase.firestore.FirestoreRegistrar"
143-->[com.google.firebase:firebase-firestore:25.1.1] AndroidManifest.xml:21:17-111
144                android:value="com.google.firebase.components.ComponentRegistrar" />
144-->[com.google.firebase:firebase-firestore:25.1.1] AndroidManifest.xml:22:17-82
145            <meta-data
145-->[com.google.firebase:firebase-appcheck-debug:18.0.0] AndroidManifest.xml:25:13-27:85
146                android:name="com.google.firebase.components:com.google.firebase.appcheck.debug.FirebaseAppCheckDebugRegistrar"
146-->[com.google.firebase:firebase-appcheck-debug:18.0.0] AndroidManifest.xml:26:17-128
147                android:value="com.google.firebase.components.ComponentRegistrar" />
147-->[com.google.firebase:firebase-appcheck-debug:18.0.0] AndroidManifest.xml:27:17-82
148            <meta-data
148-->[com.google.firebase:firebase-appcheck-playintegrity:18.0.0] AndroidManifest.xml:25:13-27:85
149                android:name="com.google.firebase.components:com.google.firebase.appcheck.playintegrity.FirebaseAppCheckPlayIntegrityRegistrar"
149-->[com.google.firebase:firebase-appcheck-playintegrity:18.0.0] AndroidManifest.xml:26:17-144
150                android:value="com.google.firebase.components.ComponentRegistrar" />
150-->[com.google.firebase:firebase-appcheck-playintegrity:18.0.0] AndroidManifest.xml:27:17-82
151            <meta-data
151-->[com.google.firebase:firebase-auth:23.1.0] AndroidManifest.xml:69:13-71:85
152                android:name="com.google.firebase.components:com.google.firebase.auth.FirebaseAuthRegistrar"
152-->[com.google.firebase:firebase-auth:23.1.0] AndroidManifest.xml:70:17-109
153                android:value="com.google.firebase.components.ComponentRegistrar" />
153-->[com.google.firebase:firebase-auth:23.1.0] AndroidManifest.xml:71:17-82
154            <meta-data
154-->[com.google.firebase:firebase-storage:21.0.1] AndroidManifest.xml:30:13-32:85
155                android:name="com.google.firebase.components:com.google.firebase.storage.FirebaseStorageKtxRegistrar"
155-->[com.google.firebase:firebase-storage:21.0.1] AndroidManifest.xml:31:17-118
156                android:value="com.google.firebase.components.ComponentRegistrar" />
156-->[com.google.firebase:firebase-storage:21.0.1] AndroidManifest.xml:32:17-82
157            <meta-data
157-->[com.google.firebase:firebase-storage:21.0.1] AndroidManifest.xml:33:13-35:85
158                android:name="com.google.firebase.components:com.google.firebase.storage.StorageRegistrar"
158-->[com.google.firebase:firebase-storage:21.0.1] AndroidManifest.xml:34:17-107
159                android:value="com.google.firebase.components.ComponentRegistrar" />
159-->[com.google.firebase:firebase-storage:21.0.1] AndroidManifest.xml:35:17-82
160            <meta-data
160-->[com.google.firebase:firebase-appcheck:18.0.0] AndroidManifest.xml:25:13-27:85
161                android:name="com.google.firebase.components:com.google.firebase.appcheck.FirebaseAppCheckKtxRegistrar"
161-->[com.google.firebase:firebase-appcheck:18.0.0] AndroidManifest.xml:26:17-120
162                android:value="com.google.firebase.components.ComponentRegistrar" />
162-->[com.google.firebase:firebase-appcheck:18.0.0] AndroidManifest.xml:27:17-82
163            <meta-data
163-->[com.google.firebase:firebase-appcheck:18.0.0] AndroidManifest.xml:28:13-30:85
164                android:name="com.google.firebase.components:com.google.firebase.appcheck.FirebaseAppCheckRegistrar"
164-->[com.google.firebase:firebase-appcheck:18.0.0] AndroidManifest.xml:29:17-117
165                android:value="com.google.firebase.components.ComponentRegistrar" />
165-->[com.google.firebase:firebase-appcheck:18.0.0] AndroidManifest.xml:30:17-82
166            <meta-data
166-->[com.google.firebase:firebase-config:22.0.1] AndroidManifest.xml:29:13-31:85
167                android:name="com.google.firebase.components:com.google.firebase.remoteconfig.FirebaseRemoteConfigKtxRegistrar"
167-->[com.google.firebase:firebase-config:22.0.1] AndroidManifest.xml:30:17-128
168                android:value="com.google.firebase.components.ComponentRegistrar" />
168-->[com.google.firebase:firebase-config:22.0.1] AndroidManifest.xml:31:17-82
169            <meta-data
169-->[com.google.firebase:firebase-config:22.0.1] AndroidManifest.xml:32:13-34:85
170                android:name="com.google.firebase.components:com.google.firebase.remoteconfig.RemoteConfigRegistrar"
170-->[com.google.firebase:firebase-config:22.0.1] AndroidManifest.xml:33:17-117
171                android:value="com.google.firebase.components.ComponentRegistrar" />
171-->[com.google.firebase:firebase-config:22.0.1] AndroidManifest.xml:34:17-82
172            <meta-data
172-->[com.google.firebase:firebase-messaging:24.0.3] AndroidManifest.xml:57:13-59:85
173                android:name="com.google.firebase.components:com.google.firebase.messaging.FirebaseMessagingKtxRegistrar"
173-->[com.google.firebase:firebase-messaging:24.0.3] AndroidManifest.xml:58:17-122
174                android:value="com.google.firebase.components.ComponentRegistrar" />
174-->[com.google.firebase:firebase-messaging:24.0.3] AndroidManifest.xml:59:17-82
175            <meta-data
175-->[com.google.firebase:firebase-messaging:24.0.3] AndroidManifest.xml:60:13-62:85
176                android:name="com.google.firebase.components:com.google.firebase.messaging.FirebaseMessagingRegistrar"
176-->[com.google.firebase:firebase-messaging:24.0.3] AndroidManifest.xml:61:17-119
177                android:value="com.google.firebase.components.ComponentRegistrar" />
177-->[com.google.firebase:firebase-messaging:24.0.3] AndroidManifest.xml:62:17-82
178            <meta-data
178-->[com.google.firebase:firebase-installations:18.0.0] AndroidManifest.xml:15:13-17:85
179                android:name="com.google.firebase.components:com.google.firebase.installations.FirebaseInstallationsKtxRegistrar"
179-->[com.google.firebase:firebase-installations:18.0.0] AndroidManifest.xml:16:17-130
180                android:value="com.google.firebase.components.ComponentRegistrar" />
180-->[com.google.firebase:firebase-installations:18.0.0] AndroidManifest.xml:17:17-82
181            <meta-data
181-->[com.google.firebase:firebase-installations:18.0.0] AndroidManifest.xml:18:13-20:85
182                android:name="com.google.firebase.components:com.google.firebase.installations.FirebaseInstallationsRegistrar"
182-->[com.google.firebase:firebase-installations:18.0.0] AndroidManifest.xml:19:17-127
183                android:value="com.google.firebase.components.ComponentRegistrar" />
183-->[com.google.firebase:firebase-installations:18.0.0] AndroidManifest.xml:20:17-82
184            <meta-data
184-->[com.google.firebase:firebase-common-ktx:21.0.0] AndroidManifest.xml:12:13-14:85
185                android:name="com.google.firebase.components:com.google.firebase.ktx.FirebaseCommonLegacyRegistrar"
185-->[com.google.firebase:firebase-common-ktx:21.0.0] AndroidManifest.xml:13:17-116
186                android:value="com.google.firebase.components.ComponentRegistrar" />
186-->[com.google.firebase:firebase-common-ktx:21.0.0] AndroidManifest.xml:14:17-82
187            <meta-data
187-->[com.google.firebase:firebase-appcheck-safetynet:16.1.2] AndroidManifest.xml:27:13-29:85
188                android:name="com.google.firebase.components:com.google.firebase.appcheck.safetynet.FirebaseAppCheckSafetyNetRegistrar"
188-->[com.google.firebase:firebase-appcheck-safetynet:16.1.2] AndroidManifest.xml:28:17-136
189                android:value="com.google.firebase.components.ComponentRegistrar" />
189-->[com.google.firebase:firebase-appcheck-safetynet:16.1.2] AndroidManifest.xml:29:17-82
190            <meta-data
190-->[com.google.firebase:firebase-common:21.0.0] AndroidManifest.xml:35:13-37:85
191                android:name="com.google.firebase.components:com.google.firebase.FirebaseCommonKtxRegistrar"
191-->[com.google.firebase:firebase-common:21.0.0] AndroidManifest.xml:36:17-109
192                android:value="com.google.firebase.components.ComponentRegistrar" />
192-->[com.google.firebase:firebase-common:21.0.0] AndroidManifest.xml:37:17-82
193            <meta-data
193-->[com.google.firebase:firebase-abt:21.1.1] AndroidManifest.xml:12:13-14:85
194                android:name="com.google.firebase.components:com.google.firebase.abt.component.AbtRegistrar"
194-->[com.google.firebase:firebase-abt:21.1.1] AndroidManifest.xml:13:17-109
195                android:value="com.google.firebase.components.ComponentRegistrar" />
195-->[com.google.firebase:firebase-abt:21.1.1] AndroidManifest.xml:14:17-82
196            <meta-data
196-->[com.google.firebase:firebase-datatransport:18.2.0] AndroidManifest.xml:25:13-27:85
197                android:name="com.google.firebase.components:com.google.firebase.datatransport.TransportRegistrar"
197-->[com.google.firebase:firebase-datatransport:18.2.0] AndroidManifest.xml:26:17-115
198                android:value="com.google.firebase.components.ComponentRegistrar" />
198-->[com.google.firebase:firebase-datatransport:18.2.0] AndroidManifest.xml:27:17-82
199        </service>
200        <service
200-->[:firebase_messaging] AndroidManifest.xml:16:9-19:72
201            android:name="io.flutter.plugins.firebase.messaging.FlutterFirebaseMessagingBackgroundService"
201-->[:firebase_messaging] AndroidManifest.xml:17:13-107
202            android:exported="false"
202-->[:firebase_messaging] AndroidManifest.xml:18:13-37
203            android:permission="android.permission.BIND_JOB_SERVICE" />
203-->[:firebase_messaging] AndroidManifest.xml:19:13-69
204        <service
204-->[:firebase_messaging] AndroidManifest.xml:20:9-26:19
205            android:name="io.flutter.plugins.firebase.messaging.FlutterFirebaseMessagingService"
205-->[:firebase_messaging] AndroidManifest.xml:21:13-97
206            android:exported="false" >
206-->[:firebase_messaging] AndroidManifest.xml:22:13-37
207            <intent-filter>
207-->src\main\AndroidManifest.xml:59:13-61:29
208                <action android:name="com.google.firebase.MESSAGING_EVENT" />
208-->src\main\AndroidManifest.xml:60:17-77
208-->src\main\AndroidManifest.xml:60:25-75
209            </intent-filter>
210        </service>
211
212        <receiver
212-->[:firebase_messaging] AndroidManifest.xml:28:9-35:20
213            android:name="io.flutter.plugins.firebase.messaging.FlutterFirebaseMessagingReceiver"
213-->[:firebase_messaging] AndroidManifest.xml:29:13-98
214            android:exported="true"
214-->[:firebase_messaging] AndroidManifest.xml:30:13-36
215            android:permission="com.google.android.c2dm.permission.SEND" >
215-->[:firebase_messaging] AndroidManifest.xml:31:13-73
216            <intent-filter>
216-->[:firebase_messaging] AndroidManifest.xml:32:13-34:29
217                <action android:name="com.google.android.c2dm.intent.RECEIVE" />
217-->src\main\AndroidManifest.xml:70:17-81
217-->src\main\AndroidManifest.xml:70:25-78
218            </intent-filter>
219        </receiver>
220
221        <provider
221-->[:firebase_messaging] AndroidManifest.xml:43:9-47:38
222            android:name="io.flutter.plugins.firebase.messaging.FlutterFirebaseMessagingInitProvider"
222-->[:firebase_messaging] AndroidManifest.xml:44:13-102
223            android:authorities="com.example.fire_guard.flutterfirebasemessaginginitprovider"
223-->[:firebase_messaging] AndroidManifest.xml:45:13-88
224            android:exported="false"
224-->[:firebase_messaging] AndroidManifest.xml:46:13-37
225            android:initOrder="99" />
225-->[:firebase_messaging] AndroidManifest.xml:47:13-35
226
227        <service
227-->[:geolocator_android] AndroidManifest.xml:10:9-14:56
228            android:name="com.baseflow.geolocator.GeolocatorLocationService"
228-->[:geolocator_android] AndroidManifest.xml:11:13-77
229            android:enabled="true"
229-->[:geolocator_android] AndroidManifest.xml:12:13-35
230            android:exported="false"
230-->[:geolocator_android] AndroidManifest.xml:13:13-37
231            android:foregroundServiceType="location" />
231-->[:geolocator_android] AndroidManifest.xml:14:13-53
232
233        <activity
233-->[:url_launcher_android] AndroidManifest.xml:10:9-13:74
234            android:name="io.flutter.plugins.urllauncher.WebViewActivity"
234-->[:url_launcher_android] AndroidManifest.xml:11:13-74
235            android:exported="false"
235-->[:url_launcher_android] AndroidManifest.xml:12:13-37
236            android:theme="@android:style/Theme.NoTitleBar.Fullscreen" />
236-->[:url_launcher_android] AndroidManifest.xml:13:13-71
237        <activity
237-->[com.google.firebase:firebase-auth:23.1.0] AndroidManifest.xml:29:9-46:20
238            android:name="com.google.firebase.auth.internal.GenericIdpActivity"
238-->[com.google.firebase:firebase-auth:23.1.0] AndroidManifest.xml:30:13-80
239            android:excludeFromRecents="true"
239-->[com.google.firebase:firebase-auth:23.1.0] AndroidManifest.xml:31:13-46
240            android:exported="true"
240-->[com.google.firebase:firebase-auth:23.1.0] AndroidManifest.xml:32:13-36
241            android:launchMode="singleTask"
241-->[com.google.firebase:firebase-auth:23.1.0] AndroidManifest.xml:33:13-44
242            android:theme="@android:style/Theme.Translucent.NoTitleBar" >
242-->[com.google.firebase:firebase-auth:23.1.0] AndroidManifest.xml:34:13-72
243            <intent-filter>
243-->[com.google.firebase:firebase-auth:23.1.0] AndroidManifest.xml:35:13-45:29
244                <action android:name="android.intent.action.VIEW" />
244-->src\main\AndroidManifest.xml:46:17-69
244-->src\main\AndroidManifest.xml:46:25-66
245
246                <category android:name="android.intent.category.DEFAULT" />
246-->src\main\AndroidManifest.xml:47:17-76
246-->src\main\AndroidManifest.xml:47:27-73
247                <category android:name="android.intent.category.BROWSABLE" />
247-->src\main\AndroidManifest.xml:48:17-78
247-->src\main\AndroidManifest.xml:48:27-75
248
249                <data
249-->src\main\AndroidManifest.xml:49:17-47
250                    android:host="firebase.auth"
251                    android:path="/"
252                    android:scheme="genericidp" />
252-->src\main\AndroidManifest.xml:49:23-44
253            </intent-filter>
254        </activity>
255        <activity
255-->[com.google.firebase:firebase-auth:23.1.0] AndroidManifest.xml:47:9-64:20
256            android:name="com.google.firebase.auth.internal.RecaptchaActivity"
256-->[com.google.firebase:firebase-auth:23.1.0] AndroidManifest.xml:48:13-79
257            android:excludeFromRecents="true"
257-->[com.google.firebase:firebase-auth:23.1.0] AndroidManifest.xml:49:13-46
258            android:exported="true"
258-->[com.google.firebase:firebase-auth:23.1.0] AndroidManifest.xml:50:13-36
259            android:launchMode="singleTask"
259-->[com.google.firebase:firebase-auth:23.1.0] AndroidManifest.xml:51:13-44
260            android:theme="@android:style/Theme.Translucent.NoTitleBar" >
260-->[com.google.firebase:firebase-auth:23.1.0] AndroidManifest.xml:52:13-72
261            <intent-filter>
261-->[com.google.firebase:firebase-auth:23.1.0] AndroidManifest.xml:53:13-63:29
262                <action android:name="android.intent.action.VIEW" />
262-->src\main\AndroidManifest.xml:46:17-69
262-->src\main\AndroidManifest.xml:46:25-66
263
264                <category android:name="android.intent.category.DEFAULT" />
264-->src\main\AndroidManifest.xml:47:17-76
264-->src\main\AndroidManifest.xml:47:27-73
265                <category android:name="android.intent.category.BROWSABLE" />
265-->src\main\AndroidManifest.xml:48:17-78
265-->src\main\AndroidManifest.xml:48:27-75
266
267                <data
267-->src\main\AndroidManifest.xml:49:17-47
268                    android:host="firebase.auth"
269                    android:path="/"
270                    android:scheme="recaptcha" />